<?xml version="1.0" encoding="UTF-8"?>
<!-- Generated by org.testng.reporters.JUnitXMLReporter -->
<testsuite ignored="0" hostname="Nandan" failures="0" tests="3" name="Default test" time="44.12" errors="0" timestamp="2025-03-31T11:30:42 IST">
  <testcase classname="Evenkart.AdminPanel" name="testDashBoard" time="15.138"/>
  <testcase classname="Evenkart.AdminPanel" name="testLogin" time="12.843"/>
  <testcase classname="Evenkart.AdminPanel" name="testProductflow" time="16.068"/>
</testsuite> <!-- Default test -->
