<?xml version="1.0" encoding="UTF-8"?>
<!-- Generated by org.testng.reporters.JUnitXMLReporter -->
<testsuite ignored="0" hostname="Nandan" failures="0" tests="3" name="Default test" time="46.174" errors="0" timestamp="2025-03-29T13:08:56 IST">
  <testcase classname="Evenkart.AdminPanel" name="testDashBoard" time="14.473"/>
  <testcase classname="Evenkart.AdminPanel" name="testLogin" time="8.767"/>
  <testcase classname="Evenkart.AdminPanel" name="testProductflow" time="22.825"/>
</testsuite> <!-- Default test -->
