<?xml version="1.0" encoding="UTF-8"?>
<testng-results ignored="0" total="2" passed="2" failed="0" skipped="0">
  <reporter-output>
  </reporter-output>
  <suite started-at="2025-03-29T12:30:43 IST" name="Default suite" finished-at="2025-03-29T12:31:15 IST" duration-ms="32026">
    <groups>
    </groups>
    <test started-at="2025-03-29T12:30:43 IST" name="Default test" finished-at="2025-03-29T12:31:15 IST" duration-ms="32026">
      <class name="Evenkart.AdminPanel">
        <test-method signature="testDashBoard()[pri:0, instance:Evenkart.AdminPanel@2a5c8d3f]" started-at="2025-03-29T12:30:43 IST" name="testDashBoard" finished-at="2025-03-29T12:31:04 IST" duration-ms="20852" status="PASS">
          <reporter-output>
          </reporter-output>
        </test-method> <!-- testDashBoard -->
        <test-method signature="testLogin()[pri:0, instance:Evenkart.AdminPanel@2a5c8d3f]" started-at="2025-03-29T12:31:04 IST" name="testLogin" finished-at="2025-03-29T12:31:15 IST" duration-ms="11116" status="PASS">
          <reporter-output>
          </reporter-output>
        </test-method> <!-- testLogin -->
      </class> <!-- Evenkart.AdminPanel -->
    </test> <!-- Default test -->
  </suite> <!-- Default suite -->
</testng-results>
